# JRE version: Java(TM) SE Runtime Environment (9.0+11) (build 9.0.1+11)
# Java VM: Java HotSpot(TM) 64-Bit Server VM (9.0.1+11, mixed mode, tiered, compressed oops, g1 gc, bsd-amd64)
Heap:
 garbage-first heap   total 378880K, used 303954K [0x00000006c0000000, 0x00000006c0100b90, 0x00000007c0000000)
  region size 1024K, 222 young (227328K), 17 survivors (17408K)
 Metaspace       used 38954K, capacity 40269K, committed 40448K, reserved 1085440K
  class space    used 4240K, capacity 4565K, committed 4608K, reserved 1048576K
GC Heap History (10 events):
Event: 30.383 GC heap before
{Heap before GC invocations=17 (full 0):
 garbage-first heap   total 315392K, used 248953K [0x00000006c0000000, 0x00000006c01009a0, 0x00000007c0000000)
  region size 1024K, 184 young (188416K), 14 survivors (14336K)
 Metaspace       used 38948K, capacity 40269K, committed 40448K, reserved 1085440K
  class space    used 4239K, capacity 4565K, committed 4608K, reserved 1048576K
}
Event: 30.402 GC heap after
{Heap after GC invocations=18 (full 0):
 garbage-first heap   total 315392K, used 79748K [0x00000006c0000000, 0x00000006c01009a0, 0x00000007c0000000)
  region size 1024K, 15 young (15360K), 15 survivors (15360K)
 Metaspace       used 38948K, capacity 40269K, committed 40448K, reserved 1085440K
  class space    used 4239K, capacity 4565K, committed 4608K, reserved 1048576K
}
Event: 31.005 GC heap before
{Heap before GC invocations=18 (full 0):
 garbage-first heap   total 315392K, used 252804K [0x00000006c0000000, 0x00000006c01009a0, 0x00000007c0000000)
  region size 1024K, 184 young (188416K), 15 survivors (15360K)
 Metaspace       used 38949K, capacity 40269K, committed 40448K, reserved 1085440K
  class space    used 4239K, capacity 4565K, committed 4608K, reserved 1048576K
}
Event: 31.025 GC heap after
{Heap after GC invocations=19 (full 0):
 garbage-first heap   total 315392K, used 83311K [0x00000006c0000000, 0x00000006c01009a0, 0x00000007c0000000)
  region size 1024K, 14 young (14336K), 14 survivors (14336K)
 Metaspace       used 38949K, capacity 40269K, committed 40448K, reserved 1085440K
  class space    used 4239K, capacity 4565K, committed 4608K, reserved 1048576K
}
Event: 31.613 GC heap before
{Heap before GC invocations=19 (full 0):
 garbage-first heap   total 315392K, used 257391K [0x00000006c0000000, 0x00000006c01009a0, 0x00000007c0000000)
  region size 1024K, 184 young (188416K), 14 survivors (14336K)
 Metaspace       used 38949K, capacity 40269K, committed 40448K, reserved 1085440K
  class space    used 4239K, capacity 4565K, committed 4608K, reserved 1048576K
}
Event: 31.629 GC heap after
{Heap after GC invocations=20 (full 0):
 garbage-first heap   total 315392K, used 87373K [0x00000006c0000000, 0x00000006c01009a0, 0x00000007c0000000)
  region size 1024K, 13 young (13312K), 13 survivors (13312K)
 Metaspace       used 38949K, capacity 40269K, committed 40448K, reserved 1085440K
  class space    used 4239K, capacity 4565K, committed 4608K, reserved 1048576K
}
Event: 32.135 GC heap before
{Heap before GC invocations=20 (full 0):
 garbage-first heap   total 315392K, used 262477K [0x00000006c0000000, 0x00000006c01009a0, 0x00000007c0000000)
  region size 1024K, 184 young (188416K), 13 survivors (13312K)
 Metaspace       used 38949K, capacity 40269K, committed 40448K, reserved 1085440K
  class space    used 4239K, capacity 4565K, committed 4608K, reserved 1048576K
}
Event: 32.153 GC heap after
{Heap after GC invocations=21 (full 0):
 garbage-first heap   total 378880K, used 89789K [0x00000006c0000000, 0x00000006c0100b90, 0x00000007c0000000)
  region size 1024K, 16 young (16384K), 16 survivors (16384K)
 Metaspace       used 38949K, capacity 40269K, committed 40448K, reserved 1085440K
  class space    used 4239K, capacity 4565K, committed 4608K, reserved 1048576K
}
Event: 32.829 GC heap before
{Heap before GC invocations=21 (full 0):
 garbage-first heap   total 378880K, used 300733K [0x00000006c0000000, 0x00000006c0100b90, 0x00000007c0000000)
  region size 1024K, 222 young (227328K), 16 survivors (16384K)
 Metaspace       used 38951K, capacity 40269K, committed 40448K, reserved 1085440K
  class space    used 4239K, capacity 4565K, committed 4608K, reserved 1048576K
}
Event: 32.847 GC heap after
{Heap after GC invocations=22 (full 0):
 garbage-first heap   total 378880K, used 94034K [0x00000006c0000000, 0x00000006c0100b90, 0x00000007c0000000)
  region size 1024K, 17 young (17408K), 17 survivors (17408K)
 Metaspace       used 38951K, capacity 40269K, committed 40448K, reserved 1085440K
  class space    used 4239K, capacity 4565K, committed 4608K, reserved 1048576K
}

